{"E:\\newApp\\Screens\\AlbumData.js": {"path":"E:\\newApp\\Screens\\AlbumData.js","statementMap":{"0":{"start":{"line":1,"column":15},"end":{"line":97,"column":1}}},"fnMap":{},"branchMap":{},"s":{"0":1},"f":{},"b":{},"_coverageSchema":"1a1c01bbd47fc00a2c39e90264f33305004495a9","hash":"4b3fba1f2cab1212282098b57e4b434d93851198"}
,"E:\\newApp\\Screens\\Albums.js": {"path":"E:\\newApp\\Screens\\Albums.js","statementMap":{"0":{"start":{"line":9,"column":20},"end":{"line":170,"column":1}},"1":{"start":{"line":10,"column":26},"end":{"line":10,"column":36}},"2":{"start":{"line":11,"column":23},"end":{"line":11,"column":38}},"3":{"start":{"line":12,"column":28},"end":{"line":12,"column":40}},"4":{"start":{"line":13,"column":34},"end":{"line":13,"column":46}},"5":{"start":{"line":14,"column":34},"end":{"line":14,"column":49}},"6":{"start":{"line":15,"column":46},"end":{"line":15,"column":58}},"7":{"start":{"line":16,"column":49},"end":{"line":16,"column":64}},"8":{"start":{"line":17,"column":82},"end":{"line":17,"column":105}},"9":{"start":{"line":20,"column":26},"end":{"line":24,"column":5}},"10":{"start":{"line":21,"column":8},"end":{"line":21,"column":28}},"11":{"start":{"line":22,"column":8},"end":{"line":22,"column":30}},"12":{"start":{"line":23,"column":8},"end":{"line":23,"column":23}},"13":{"start":{"line":25,"column":26},"end":{"line":28,"column":5}},"14":{"start":{"line":26,"column":8},"end":{"line":26,"column":31}},"15":{"start":{"line":27,"column":8},"end":{"line":27,"column":25}},"16":{"start":{"line":29,"column":26},"end":{"line":37,"column":5}},"17":{"start":{"line":30,"column":8},"end":{"line":36,"column":9}},"18":{"start":{"line":31,"column":24},"end":{"line":31,"column":38}},"19":{"start":{"line":32,"column":24},"end":{"line":32,"column":70}},"20":{"start":{"line":32,"column":48},"end":{"line":32,"column":69}},"21":{"start":{"line":33,"column":12},"end":{"line":33,"column":37}},"22":{"start":{"line":34,"column":12},"end":{"line":34,"column":36}},"23":{"start":{"line":35,"column":12},"end":{"line":35,"column":36}},"24":{"start":{"line":38,"column":27},"end":{"line":54,"column":5}},"25":{"start":{"line":39,"column":8},"end":{"line":39,"column":30}},"26":{"start":{"line":40,"column":19},"end":{"line":40,"column":21}},"27":{"start":{"line":41,"column":8},"end":{"line":52,"column":10}},"28":{"start":{"line":42,"column":12},"end":{"line":51,"column":13}},"29":{"start":{"line":43,"column":28},"end":{"line":43,"column":33}},"30":{"start":{"line":44,"column":16},"end":{"line":44,"column":37}},"31":{"start":{"line":45,"column":16},"end":{"line":45,"column":32}},"32":{"start":{"line":48,"column":29},"end":{"line":48,"column":34}},"33":{"start":{"line":49,"column":16},"end":{"line":49,"column":39}},"34":{"start":{"line":50,"column":16},"end":{"line":50,"column":33}},"35":{"start":{"line":53,"column":8},"end":{"line":53,"column":31}},"36":{"start":{"line":55,"column":26},"end":{"line":76,"column":5}},"37":{"start":{"line":56,"column":8},"end":{"line":56,"column":25}},"38":{"start":{"line":57,"column":19},"end":{"line":57,"column":21}},"39":{"start":{"line":58,"column":19},"end":{"line":58,"column":21}},"40":{"start":{"line":59,"column":8},"end":{"line":66,"column":10}},"41":{"start":{"line":60,"column":12},"end":{"line":62,"column":13}},"42":{"start":{"line":61,"column":16},"end":{"line":61,"column":32}},"43":{"start":{"line":63,"column":12},"end":{"line":65,"column":13}},"44":{"start":{"line":64,"column":16},"end":{"line":64,"column":32}},"45":{"start":{"line":67,"column":8},"end":{"line":67,"column":25}},"46":{"start":{"line":68,"column":8},"end":{"line":70,"column":9}},"47":{"start":{"line":69,"column":12},"end":{"line":69,"column":32}},"48":{"start":{"line":71,"column":8},"end":{"line":71,"column":31}},"49":{"start":{"line":72,"column":20},"end":{"line":72,"column":26}},"50":{"start":{"line":73,"column":8},"end":{"line":73,"column":27}},"51":{"start":{"line":74,"column":8},"end":{"line":74,"column":29}},"52":{"start":{"line":77,"column":24},"end":{"line":87,"column":5}},"53":{"start":{"line":78,"column":8},"end":{"line":86,"column":24}},"54":{"start":{"line":80,"column":16},"end":{"line":84,"column":23}},"55":{"start":{"line":81,"column":181},"end":{"line":81,"column":201}},"56":{"start":{"line":81,"column":222},"end":{"line":81,"column":241}},"57":{"start":{"line":89,"column":24},"end":{"line":97,"column":5}},"58":{"start":{"line":90,"column":8},"end":{"line":96,"column":24}},"59":{"start":{"line":92,"column":16},"end":{"line":94,"column":23}},"60":{"start":{"line":93,"column":117},"end":{"line":93,"column":156}},"61":{"start":{"line":99,"column":4},"end":{"line":169,"column":6}},"62":{"start":{"line":102,"column":16},"end":{"line":166,"column":23}},"63":{"start":{"line":107,"column":55},"end":{"line":107,"column":62}},"64":{"start":{"line":114,"column":113},"end":{"line":114,"column":152}},"65":{"start":{"line":125,"column":54},"end":{"line":125,"column":72}},"66":{"start":{"line":142,"column":57},"end":{"line":142,"column":67}},"67":{"start":{"line":158,"column":103},"end":{"line":158,"column":118}}},"fnMap":{"0":{"name":"(anonymous_0)","decl":{"start":{"line":9,"column":20},"end":{"line":9,"column":21}},"loc":{"start":{"line":9,"column":26},"end":{"line":170,"column":1}},"line":9},"1":{"name":"(anonymous_1)","decl":{"start":{"line":20,"column":26},"end":{"line":20,"column":27}},"loc":{"start":{"line":20,"column":36},"end":{"line":24,"column":5}},"line":20},"2":{"name":"(anonymous_2)","decl":{"start":{"line":25,"column":26},"end":{"line":25,"column":27}},"loc":{"start":{"line":25,"column":32},"end":{"line":28,"column":5}},"line":25},"3":{"name":"(anonymous_3)","decl":{"start":{"line":29,"column":26},"end":{"line":29,"column":27}},"loc":{"start":{"line":29,"column":32},"end":{"line":37,"column":5}},"line":29},"4":{"name":"(anonymous_4)","decl":{"start":{"line":32,"column":40},"end":{"line":32,"column":41}},"loc":{"start":{"line":32,"column":48},"end":{"line":32,"column":69}},"line":32},"5":{"name":"(anonymous_5)","decl":{"start":{"line":38,"column":27},"end":{"line":38,"column":28}},"loc":{"start":{"line":38,"column":37},"end":{"line":54,"column":5}},"line":38},"6":{"name":"(anonymous_6)","decl":{"start":{"line":41,"column":22},"end":{"line":41,"column":23}},"loc":{"start":{"line":41,"column":33},"end":{"line":52,"column":9}},"line":41},"7":{"name":"(anonymous_7)","decl":{"start":{"line":55,"column":26},"end":{"line":55,"column":27}},"loc":{"start":{"line":55,"column":32},"end":{"line":76,"column":5}},"line":55},"8":{"name":"(anonymous_8)","decl":{"start":{"line":59,"column":22},"end":{"line":59,"column":23}},"loc":{"start":{"line":59,"column":33},"end":{"line":66,"column":9}},"line":59},"9":{"name":"(anonymous_9)","decl":{"start":{"line":77,"column":24},"end":{"line":77,"column":25}},"loc":{"start":{"line":78,"column":8},"end":{"line":86,"column":24}},"line":78},"10":{"name":"(anonymous_10)","decl":{"start":{"line":79,"column":13},"end":{"line":79,"column":14}},"loc":{"start":{"line":80,"column":16},"end":{"line":84,"column":23}},"line":80},"11":{"name":"(anonymous_11)","decl":{"start":{"line":81,"column":175},"end":{"line":81,"column":176}},"loc":{"start":{"line":81,"column":181},"end":{"line":81,"column":201}},"line":81},"12":{"name":"(anonymous_12)","decl":{"start":{"line":81,"column":216},"end":{"line":81,"column":217}},"loc":{"start":{"line":81,"column":222},"end":{"line":81,"column":241}},"line":81},"13":{"name":"(anonymous_13)","decl":{"start":{"line":89,"column":24},"end":{"line":89,"column":25}},"loc":{"start":{"line":90,"column":8},"end":{"line":96,"column":24}},"line":90},"14":{"name":"(anonymous_14)","decl":{"start":{"line":91,"column":13},"end":{"line":91,"column":14}},"loc":{"start":{"line":92,"column":16},"end":{"line":94,"column":23}},"line":92},"15":{"name":"(anonymous_15)","decl":{"start":{"line":93,"column":111},"end":{"line":93,"column":112}},"loc":{"start":{"line":93,"column":117},"end":{"line":93,"column":156}},"line":93},"16":{"name":"(anonymous_16)","decl":{"start":{"line":101,"column":13},"end":{"line":101,"column":14}},"loc":{"start":{"line":102,"column":16},"end":{"line":166,"column":23}},"line":102},"17":{"name":"(anonymous_17)","decl":{"start":{"line":107,"column":38},"end":{"line":107,"column":39}},"loc":{"start":{"line":107,"column":55},"end":{"line":107,"column":62}},"line":107},"18":{"name":"(anonymous_18)","decl":{"start":{"line":114,"column":107},"end":{"line":114,"column":108}},"loc":{"start":{"line":114,"column":113},"end":{"line":114,"column":152}},"line":114},"19":{"name":"(anonymous_19)","decl":{"start":{"line":125,"column":46},"end":{"line":125,"column":47}},"loc":{"start":{"line":125,"column":54},"end":{"line":125,"column":72}},"line":125},"20":{"name":"(anonymous_20)","decl":{"start":{"line":142,"column":50},"end":{"line":142,"column":51}},"loc":{"start":{"line":142,"column":57},"end":{"line":142,"column":67}},"line":142},"21":{"name":"(anonymous_21)","decl":{"start":{"line":158,"column":97},"end":{"line":158,"column":98}},"loc":{"start":{"line":158,"column":103},"end":{"line":158,"column":118}},"line":158}},"branchMap":{"0":{"loc":{"start":{"line":30,"column":8},"end":{"line":36,"column":9}},"type":"if","locations":[{"start":{"line":30,"column":8},"end":{"line":36,"column":9}},{"start":{},"end":{}}],"line":30},"1":{"loc":{"start":{"line":42,"column":12},"end":{"line":51,"column":13}},"type":"if","locations":[{"start":{"line":42,"column":12},"end":{"line":51,"column":13}},{"start":{"line":47,"column":17},"end":{"line":51,"column":13}}],"line":42},"2":{"loc":{"start":{"line":60,"column":12},"end":{"line":62,"column":13}},"type":"if","locations":[{"start":{"line":60,"column":12},"end":{"line":62,"column":13}},{"start":{},"end":{}}],"line":60},"3":{"loc":{"start":{"line":63,"column":12},"end":{"line":65,"column":13}},"type":"if","locations":[{"start":{"line":63,"column":12},"end":{"line":65,"column":13}},{"start":{},"end":{}}],"line":63},"4":{"loc":{"start":{"line":68,"column":8},"end":{"line":70,"column":9}},"type":"if","locations":[{"start":{"line":68,"column":8},"end":{"line":70,"column":9}},{"start":{},"end":{}}],"line":68},"5":{"loc":{"start":{"line":81,"column":59},"end":{"line":81,"column":143}},"type":"cond-expr","locations":[{"start":{"line":81,"column":75},"end":{"line":81,"column":107}},{"start":{"line":81,"column":110},"end":{"line":81,"column":143}}],"line":81},"6":{"loc":{"start":{"line":112,"column":28},"end":{"line":119,"column":46}},"type":"cond-expr","locations":[{"start":{"line":113,"column":32},"end":{"line":119,"column":39}},{"start":{"line":119,"column":42},"end":{"line":119,"column":46}}],"line":112}},"s":{"0":1,"1":10,"2":10,"3":10,"4":10,"5":10,"6":10,"7":10,"8":10,"9":10,"10":2,"11":2,"12":2,"13":10,"14":1,"15":1,"16":10,"17":1,"18":1,"19":1,"20":1,"21":1,"22":1,"23":1,"24":10,"25":2,"26":2,"27":2,"28":12,"29":2,"30":2,"31":2,"32":10,"33":10,"34":10,"35":2,"36":10,"37":1,"38":1,"39":1,"40":1,"41":6,"42":5,"43":6,"44":1,"45":1,"46":1,"47":1,"48":1,"49":1,"50":1,"51":1,"52":10,"53":60,"54":60,"55":2,"56":2,"57":10,"58":98,"59":98,"60":1,"61":10,"62":10,"63":60,"64":1,"65":98,"66":1,"67":1},"f":{"0":10,"1":2,"2":1,"3":1,"4":1,"5":2,"6":12,"7":1,"8":6,"9":60,"10":60,"11":2,"12":2,"13":98,"14":98,"15":1,"16":10,"17":60,"18":1,"19":98,"20":1,"21":1},"b":{"0":[1,0],"1":[2,10],"2":[5,1],"3":[1,5],"4":[1,0],"5":[9,51],"6":[4,6]},"_coverageSchema":"1a1c01bbd47fc00a2c39e90264f33305004495a9","hash":"f720bb6d746dedab7d874ea58e81236f8df23c3c"}
,"E:\\newApp\\Screens\\Context.js": {"path":"E:\\newApp\\Screens\\Context.js","statementMap":{"0":{"start":{"line":4,"column":20},"end":{"line":28,"column":2}}},"fnMap":{"0":{"name":"(anonymous_0)","decl":{"start":{"line":6,"column":12},"end":{"line":6,"column":13}},"loc":{"start":{"line":6,"column":16},"end":{"line":6,"column":18}},"line":6},"1":{"name":"(anonymous_1)","decl":{"start":{"line":8,"column":19},"end":{"line":8,"column":20}},"loc":{"start":{"line":8,"column":23},"end":{"line":8,"column":25}},"line":8},"2":{"name":"(anonymous_2)","decl":{"start":{"line":10,"column":14},"end":{"line":10,"column":15}},"loc":{"start":{"line":10,"column":18},"end":{"line":10,"column":20}},"line":10},"3":{"name":"(anonymous_3)","decl":{"start":{"line":12,"column":16},"end":{"line":12,"column":17}},"loc":{"start":{"line":12,"column":20},"end":{"line":12,"column":22}},"line":12},"4":{"name":"(anonymous_4)","decl":{"start":{"line":14,"column":13},"end":{"line":14,"column":14}},"loc":{"start":{"line":14,"column":17},"end":{"line":14,"column":19}},"line":14},"5":{"name":"(anonymous_5)","decl":{"start":{"line":16,"column":11},"end":{"line":16,"column":12}},"loc":{"start":{"line":16,"column":15},"end":{"line":16,"column":17}},"line":16},"6":{"name":"(anonymous_6)","decl":{"start":{"line":18,"column":17},"end":{"line":18,"column":18}},"loc":{"start":{"line":18,"column":21},"end":{"line":18,"column":23}},"line":18},"7":{"name":"(anonymous_7)","decl":{"start":{"line":20,"column":15},"end":{"line":20,"column":16}},"loc":{"start":{"line":20,"column":19},"end":{"line":20,"column":21}},"line":20},"8":{"name":"(anonymous_8)","decl":{"start":{"line":22,"column":16},"end":{"line":22,"column":17}},"loc":{"start":{"line":22,"column":20},"end":{"line":22,"column":22}},"line":22},"9":{"name":"(anonymous_9)","decl":{"start":{"line":24,"column":14},"end":{"line":24,"column":15}},"loc":{"start":{"line":24,"column":18},"end":{"line":24,"column":20}},"line":24}},"branchMap":{},"s":{"0":1},"f":{"0":0,"1":0,"2":0,"3":0,"4":0,"5":0,"6":0,"7":0,"8":0,"9":0},"b":{},"_coverageSchema":"1a1c01bbd47fc00a2c39e90264f33305004495a9","hash":"39e79068fac9d26dc0f75b58af1819ebac099253"}
,"E:\\newApp\\Screens\\theme.js": {"path":"E:\\newApp\\Screens\\theme.js","statementMap":{"0":{"start":{"line":11,"column":12},"end":{"line":23,"column":1}}},"fnMap":{},"branchMap":{},"s":{"0":1},"f":{},"b":{},"_coverageSchema":"1a1c01bbd47fc00a2c39e90264f33305004495a9","hash":"7c7331b6b1edc63ab7e87aa6ac8d0609ffd75dfe"}
,"E:\\newApp\\Screens\\Styles\\AlbumPhotostyles.js": {"path":"E:\\newApp\\Screens\\Styles\\AlbumPhotostyles.js","statementMap":{"0":{"start":{"line":2,"column":25},"end":{"line":5,"column":2}}},"fnMap":{},"branchMap":{},"s":{"0":1},"f":{},"b":{},"_coverageSchema":"1a1c01bbd47fc00a2c39e90264f33305004495a9","hash":"26657e727c28b762e480d0c698b23f06473c0538"}
,"E:\\newApp\\Screens\\Styles\\Albumstyles.js": {"path":"E:\\newApp\\Screens\\Styles\\Albumstyles.js","statementMap":{"0":{"start":{"line":3,"column":20},"end":{"line":104,"column":2}}},"fnMap":{},"branchMap":{},"s":{"0":1},"f":{},"b":{},"_coverageSchema":"1a1c01bbd47fc00a2c39e90264f33305004495a9","hash":"732d7e3fda9316907cb8dda3bbe13a381a123592"}
,"E:\\newApp\\Screens\\Styles\\AllphotosStyles.js": {"path":"E:\\newApp\\Screens\\Styles\\AllphotosStyles.js","statementMap":{"0":{"start":{"line":2,"column":23},"end":{"line":64,"column":2}}},"fnMap":{},"branchMap":{},"s":{"0":1},"f":{},"b":{},"_coverageSchema":"1a1c01bbd47fc00a2c39e90264f33305004495a9","hash":"2358b7debfe2e9d5eb85d7f112b9ed635e4f37df"}
,"E:\\newApp\\Screens\\Styles\\Contactstyles.js": {"path":"E:\\newApp\\Screens\\Styles\\Contactstyles.js","statementMap":{"0":{"start":{"line":2,"column":22},"end":{"line":15,"column":2}}},"fnMap":{},"branchMap":{},"s":{"0":1},"f":{},"b":{},"_coverageSchema":"1a1c01bbd47fc00a2c39e90264f33305004495a9","hash":"90396ce4cb8614787a15f16336a150828af7d669"}
,"E:\\newApp\\Screens\\Styles\\ImageViewerStyles.js": {"path":"E:\\newApp\\Screens\\Styles\\ImageViewerStyles.js","statementMap":{"0":{"start":{"line":3,"column":20},"end":{"line":9,"column":2}}},"fnMap":{},"branchMap":{},"s":{"0":1},"f":{},"b":{},"_coverageSchema":"1a1c01bbd47fc00a2c39e90264f33305004495a9","hash":"17cd7386fc88569affaddfbac0245405234dac74"}
,"E:\\newApp\\Screens\\Styles\\Infostyles.js": {"path":"E:\\newApp\\Screens\\Styles\\Infostyles.js","statementMap":{"0":{"start":{"line":3,"column":19},"end":{"line":20,"column":2}}},"fnMap":{},"branchMap":{},"s":{"0":1},"f":{},"b":{},"_coverageSchema":"1a1c01bbd47fc00a2c39e90264f33305004495a9","hash":"c8ae6efb1be73b83348241dad0163556e3f97767"}
,"E:\\newApp\\Screens\\Styles\\LoginStyles.js": {"path":"E:\\newApp\\Screens\\Styles\\LoginStyles.js","statementMap":{"0":{"start":{"line":4,"column":20},"end":{"line":73,"column":2}}},"fnMap":{},"branchMap":{},"s":{"0":1},"f":{},"b":{},"_coverageSchema":"1a1c01bbd47fc00a2c39e90264f33305004495a9","hash":"22667c666729fa54a32ba25fed8bc9caa1ad3895"}
,"E:\\newApp\\Screens\\Styles\\MainpageStyles.js": {"path":"E:\\newApp\\Screens\\Styles\\MainpageStyles.js","statementMap":{"0":{"start":{"line":5,"column":23},"end":{"line":97,"column":2}}},"fnMap":{},"branchMap":{},"s":{"0":1},"f":{},"b":{},"_coverageSchema":"1a1c01bbd47fc00a2c39e90264f33305004495a9","hash":"a5343f20d9502f984a8090f7da17a5ad05a459aa"}
,"E:\\newApp\\Screens\\Styles\\SignUpstyle.js": {"path":"E:\\newApp\\Screens\\Styles\\SignUpstyle.js","statementMap":{"0":{"start":{"line":2,"column":15},"end":{"line":70,"column":2}}},"fnMap":{},"branchMap":{},"s":{"0":1},"f":{},"b":{},"_coverageSchema":"1a1c01bbd47fc00a2c39e90264f33305004495a9","hash":"f52f6afa28988703f27b5a134bca6d48bca52c43"}
,"E:\\newApp\\Screens\\Styles\\favstyles.js": {"path":"E:\\newApp\\Screens\\Styles\\favstyles.js","statementMap":{"0":{"start":{"line":2,"column":18},"end":{"line":8,"column":2}}},"fnMap":{},"branchMap":{},"s":{"0":1},"f":{},"b":{},"_coverageSchema":"1a1c01bbd47fc00a2c39e90264f33305004495a9","hash":"2cb3cf9b8880608b0fbbed4e61d71e6b86751e30"}
,"E:\\newApp\\Screens\\assets\\Splashbg.jpeg": {"path":"E:\\newApp\\Screens\\assets\\Splashbg.jpeg","statementMap":{"0":{"start":{"line":1,"column":0},"end":{"line":4,"column":6}}},"fnMap":{},"branchMap":{},"s":{"0":1},"f":{},"b":{},"_coverageSchema":"1a1c01bbd47fc00a2c39e90264f33305004495a9","hash":"3ebb614bc0d06f3dae7db461762ce1aeb3a96d12"}
,"E:\\newApp\\Screens\\assets\\backgroundimg.png": {"path":"E:\\newApp\\Screens\\assets\\backgroundimg.png","statementMap":{"0":{"start":{"line":1,"column":0},"end":{"line":4,"column":6}}},"fnMap":{},"branchMap":{},"s":{"0":1},"f":{},"b":{},"_coverageSchema":"1a1c01bbd47fc00a2c39e90264f33305004495a9","hash":"6f794b83cef70f8bf2ec6a399266fae3114782c7"}
,"E:\\newApp\\Screens\\assets\\img.jpg": {"path":"E:\\newApp\\Screens\\assets\\img.jpg","statementMap":{"0":{"start":{"line":1,"column":0},"end":{"line":4,"column":6}}},"fnMap":{},"branchMap":{},"s":{"0":1},"f":{},"b":{},"_coverageSchema":"1a1c01bbd47fc00a2c39e90264f33305004495a9","hash":"57b424c48756614b58efaf5c9c76c87781aa1b48"}
,"E:\\newApp\\Screens\\assets\\img10.jpg": {"path":"E:\\newApp\\Screens\\assets\\img10.jpg","statementMap":{"0":{"start":{"line":1,"column":0},"end":{"line":4,"column":6}}},"fnMap":{},"branchMap":{},"s":{"0":1},"f":{},"b":{},"_coverageSchema":"1a1c01bbd47fc00a2c39e90264f33305004495a9","hash":"3ddae2b8eaa90726c4390961e7dc3d34ccd3512e"}
,"E:\\newApp\\Screens\\assets\\img11.jpg": {"path":"E:\\newApp\\Screens\\assets\\img11.jpg","statementMap":{"0":{"start":{"line":1,"column":0},"end":{"line":4,"column":6}}},"fnMap":{},"branchMap":{},"s":{"0":1},"f":{},"b":{},"_coverageSchema":"1a1c01bbd47fc00a2c39e90264f33305004495a9","hash":"8ad5de3b5f2ff6709f497bac59fdb8dd384f6c6b"}
,"E:\\newApp\\Screens\\assets\\img2.jpg": {"path":"E:\\newApp\\Screens\\assets\\img2.jpg","statementMap":{"0":{"start":{"line":1,"column":0},"end":{"line":4,"column":6}}},"fnMap":{},"branchMap":{},"s":{"0":1},"f":{},"b":{},"_coverageSchema":"1a1c01bbd47fc00a2c39e90264f33305004495a9","hash":"2322ca4f332457ed49eddc73c9f10efedebbcb2c"}
,"E:\\newApp\\Screens\\assets\\img3.jpg": {"path":"E:\\newApp\\Screens\\assets\\img3.jpg","statementMap":{"0":{"start":{"line":1,"column":0},"end":{"line":4,"column":6}}},"fnMap":{},"branchMap":{},"s":{"0":1},"f":{},"b":{},"_coverageSchema":"1a1c01bbd47fc00a2c39e90264f33305004495a9","hash":"0677b7eb82a5c4b21c5af2681840bf8ef1b7c431"}
,"E:\\newApp\\Screens\\assets\\img4.jpg": {"path":"E:\\newApp\\Screens\\assets\\img4.jpg","statementMap":{"0":{"start":{"line":1,"column":0},"end":{"line":4,"column":6}}},"fnMap":{},"branchMap":{},"s":{"0":1},"f":{},"b":{},"_coverageSchema":"1a1c01bbd47fc00a2c39e90264f33305004495a9","hash":"60eec0e308655d68959a6587e014441fd9be3f7a"}
,"E:\\newApp\\Screens\\assets\\img5.jpg": {"path":"E:\\newApp\\Screens\\assets\\img5.jpg","statementMap":{"0":{"start":{"line":1,"column":0},"end":{"line":4,"column":6}}},"fnMap":{},"branchMap":{},"s":{"0":1},"f":{},"b":{},"_coverageSchema":"1a1c01bbd47fc00a2c39e90264f33305004495a9","hash":"55326c740d776c8e9295d1d06771210d9e2a6c7e"}
,"E:\\newApp\\Screens\\assets\\img6.jpg": {"path":"E:\\newApp\\Screens\\assets\\img6.jpg","statementMap":{"0":{"start":{"line":1,"column":0},"end":{"line":4,"column":6}}},"fnMap":{},"branchMap":{},"s":{"0":1},"f":{},"b":{},"_coverageSchema":"1a1c01bbd47fc00a2c39e90264f33305004495a9","hash":"c8c0e589f9d6c30ff799fc1b55b127b144c2841e"}
,"E:\\newApp\\Screens\\assets\\img7.jpg": {"path":"E:\\newApp\\Screens\\assets\\img7.jpg","statementMap":{"0":{"start":{"line":1,"column":0},"end":{"line":4,"column":6}}},"fnMap":{},"branchMap":{},"s":{"0":1},"f":{},"b":{},"_coverageSchema":"1a1c01bbd47fc00a2c39e90264f33305004495a9","hash":"0e5cfb210626504bb40251af867f21192b520cd5"}
,"E:\\newApp\\Screens\\assets\\img8.jpg": {"path":"E:\\newApp\\Screens\\assets\\img8.jpg","statementMap":{"0":{"start":{"line":1,"column":0},"end":{"line":4,"column":6}}},"fnMap":{},"branchMap":{},"s":{"0":1},"f":{},"b":{},"_coverageSchema":"1a1c01bbd47fc00a2c39e90264f33305004495a9","hash":"f0967c8b3885a3e854c9e55854b259b2c8f7a8e5"}
,"E:\\newApp\\Screens\\assets\\img9.jpg": {"path":"E:\\newApp\\Screens\\assets\\img9.jpg","statementMap":{"0":{"start":{"line":1,"column":0},"end":{"line":4,"column":6}}},"fnMap":{},"branchMap":{},"s":{"0":1},"f":{},"b":{},"_coverageSchema":"1a1c01bbd47fc00a2c39e90264f33305004495a9","hash":"dfcfc9a84d1a607b757957c1d3dc70209901da0f"}
}
