TN:
SF:Screens\AlbumData.js
FNF:0
FNH:0
DA:1,1
LF:1
LH:1
BRF:0
BRH:0
end_of_record
TN:
SF:Screens\Albums.js
FN:9,(anonymous_0)
FN:20,(anonymous_1)
FN:25,(anonymous_2)
FN:29,(anonymous_3)
FN:32,(anonymous_4)
FN:38,(anonymous_5)
FN:41,(anonymous_6)
FN:55,(anonymous_7)
FN:59,(anonymous_8)
FN:77,(anonymous_9)
FN:79,(anonymous_10)
FN:81,(anonymous_11)
FN:81,(anonymous_12)
FN:89,(anonymous_13)
FN:91,(anonymous_14)
FN:93,(anonymous_15)
FN:101,(anonymous_16)
FN:107,(anonymous_17)
FN:114,(anonymous_18)
FN:125,(anonymous_19)
FN:142,(anonymous_20)
FN:158,(anonymous_21)
FNF:22
FNH:22
FNDA:10,(anonymous_0)
FNDA:2,(anonymous_1)
FNDA:1,(anonymous_2)
FNDA:1,(anonymous_3)
FNDA:1,(anonymous_4)
FNDA:2,(anonymous_5)
FNDA:12,(anonymous_6)
FNDA:1,(anonymous_7)
FNDA:6,(anonymous_8)
FNDA:60,(anonymous_9)
FNDA:60,(anonymous_10)
FNDA:2,(anonymous_11)
FNDA:2,(anonymous_12)
FNDA:98,(anonymous_13)
FNDA:98,(anonymous_14)
FNDA:1,(anonymous_15)
FNDA:10,(anonymous_16)
FNDA:60,(anonymous_17)
FNDA:1,(anonymous_18)
FNDA:98,(anonymous_19)
FNDA:1,(anonymous_20)
FNDA:1,(anonymous_21)
DA:9,1
DA:10,10
DA:11,10
DA:12,10
DA:13,10
DA:14,10
DA:15,10
DA:16,10
DA:17,10
DA:20,10
DA:21,2
DA:22,2
DA:23,2
DA:25,10
DA:26,1
DA:27,1
DA:29,10
DA:30,1
DA:31,1
DA:32,1
DA:33,1
DA:34,1
DA:35,1
DA:38,10
DA:39,2
DA:40,2
DA:41,2
DA:42,12
DA:43,2
DA:44,2
DA:45,2
DA:48,10
DA:49,10
DA:50,10
DA:53,2
DA:55,10
DA:56,1
DA:57,1
DA:58,1
DA:59,1
DA:60,6
DA:61,5
DA:63,6
DA:64,1
DA:67,1
DA:68,1
DA:69,1
DA:71,1
DA:72,1
DA:73,1
DA:74,1
DA:77,10
DA:78,60
DA:80,60
DA:81,2
DA:89,10
DA:90,98
DA:92,98
DA:93,1
DA:99,10
DA:102,10
DA:107,60
DA:114,1
DA:125,98
DA:142,1
DA:158,1
LF:66
LH:66
BRDA:30,0,0,1
BRDA:30,0,1,0
BRDA:42,1,0,2
BRDA:42,1,1,10
BRDA:60,2,0,5
BRDA:60,2,1,1
BRDA:63,3,0,1
BRDA:63,3,1,5
BRDA:68,4,0,1
BRDA:68,4,1,0
BRDA:81,5,0,9
BRDA:81,5,1,51
BRDA:112,6,0,4
BRDA:112,6,1,6
BRF:14
BRH:12
end_of_record
TN:
SF:Screens\Context.js
FN:6,(anonymous_0)
FN:8,(anonymous_1)
FN:10,(anonymous_2)
FN:12,(anonymous_3)
FN:14,(anonymous_4)
FN:16,(anonymous_5)
FN:18,(anonymous_6)
FN:20,(anonymous_7)
FN:22,(anonymous_8)
FN:24,(anonymous_9)
FNF:10
FNH:0
FNDA:0,(anonymous_0)
FNDA:0,(anonymous_1)
FNDA:0,(anonymous_2)
FNDA:0,(anonymous_3)
FNDA:0,(anonymous_4)
FNDA:0,(anonymous_5)
FNDA:0,(anonymous_6)
FNDA:0,(anonymous_7)
FNDA:0,(anonymous_8)
FNDA:0,(anonymous_9)
DA:4,1
LF:1
LH:1
BRF:0
BRH:0
end_of_record
TN:
SF:Screens\theme.js
FNF:0
FNH:0
DA:11,1
LF:1
LH:1
BRF:0
BRH:0
end_of_record
TN:
SF:Screens\Styles\AlbumPhotostyles.js
FNF:0
FNH:0
DA:2,1
LF:1
LH:1
BRF:0
BRH:0
end_of_record
TN:
SF:Screens\Styles\Albumstyles.js
FNF:0
FNH:0
DA:3,1
LF:1
LH:1
BRF:0
BRH:0
end_of_record
TN:
SF:Screens\Styles\AllphotosStyles.js
FNF:0
FNH:0
DA:2,1
LF:1
LH:1
BRF:0
BRH:0
end_of_record
TN:
SF:Screens\Styles\Contactstyles.js
FNF:0
FNH:0
DA:2,1
LF:1
LH:1
BRF:0
BRH:0
end_of_record
TN:
SF:Screens\Styles\ImageViewerStyles.js
FNF:0
FNH:0
DA:3,1
LF:1
LH:1
BRF:0
BRH:0
end_of_record
TN:
SF:Screens\Styles\Infostyles.js
FNF:0
FNH:0
DA:3,1
LF:1
LH:1
BRF:0
BRH:0
end_of_record
TN:
SF:Screens\Styles\LoginStyles.js
FNF:0
FNH:0
DA:4,1
LF:1
LH:1
BRF:0
BRH:0
end_of_record
TN:
SF:Screens\Styles\MainpageStyles.js
FNF:0
FNH:0
DA:5,1
LF:1
LH:1
BRF:0
BRH:0
end_of_record
TN:
SF:Screens\Styles\SignUpstyle.js
FNF:0
FNH:0
DA:2,1
LF:1
LH:1
BRF:0
BRH:0
end_of_record
TN:
SF:Screens\Styles\favstyles.js
FNF:0
FNH:0
DA:2,1
LF:1
LH:1
BRF:0
BRH:0
end_of_record
TN:
SF:Screens\assets\Splashbg.jpeg
FNF:0
FNH:0
DA:1,1
LF:1
LH:1
BRF:0
BRH:0
end_of_record
TN:
SF:Screens\assets\backgroundimg.png
FNF:0
FNH:0
DA:1,1
LF:1
LH:1
BRF:0
BRH:0
end_of_record
TN:
SF:Screens\assets\img.jpg
FNF:0
FNH:0
DA:1,1
LF:1
LH:1
BRF:0
BRH:0
end_of_record
TN:
SF:Screens\assets\img10.jpg
FNF:0
FNH:0
DA:1,1
LF:1
LH:1
BRF:0
BRH:0
end_of_record
TN:
SF:Screens\assets\img11.jpg
FNF:0
FNH:0
DA:1,1
LF:1
LH:1
BRF:0
BRH:0
end_of_record
TN:
SF:Screens\assets\img2.jpg
FNF:0
FNH:0
DA:1,1
LF:1
LH:1
BRF:0
BRH:0
end_of_record
TN:
SF:Screens\assets\img3.jpg
FNF:0
FNH:0
DA:1,1
LF:1
LH:1
BRF:0
BRH:0
end_of_record
TN:
SF:Screens\assets\img4.jpg
FNF:0
FNH:0
DA:1,1
LF:1
LH:1
BRF:0
BRH:0
end_of_record
TN:
SF:Screens\assets\img5.jpg
FNF:0
FNH:0
DA:1,1
LF:1
LH:1
BRF:0
BRH:0
end_of_record
TN:
SF:Screens\assets\img6.jpg
FNF:0
FNH:0
DA:1,1
LF:1
LH:1
BRF:0
BRH:0
end_of_record
TN:
SF:Screens\assets\img7.jpg
FNF:0
FNH:0
DA:1,1
LF:1
LH:1
BRF:0
BRH:0
end_of_record
TN:
SF:Screens\assets\img8.jpg
FNF:0
FNH:0
DA:1,1
LF:1
LH:1
BRF:0
BRH:0
end_of_record
TN:
SF:Screens\assets\img9.jpg
FNF:0
FNH:0
DA:1,1
LF:1
LH:1
BRF:0
BRH:0
end_of_record
